# JRE version: Java(TM) SE Runtime Environment (8.0_74-b02) (build 1.8.0_74-b02)
# Java VM: Java HotSpot(TM) 64-Bit Server VM (25.74-b02 mixed mode bsd-amd64 compressed oops)
Heap:
 PSYoungGen      total 245248K, used 14170K [0x000000076ab00000, 0x000000077b580000, 0x00000007c0000000)
  eden space 229888K, 0% used [0x000000076ab00000,0x000000076ab00000,0x0000000778b80000)
  from space 15360K, 92% used [0x000000077a680000,0x000000077b456b90,0x000000077b580000)
  to   space 21504K, 0% used [0x0000000778b80000,0x0000000778b80000,0x000000077a080000)
 ParOldGen       total 116736K, used 15743K [0x00000006c0000000, 0x00000006c7200000, 0x000000076ab00000)
  object space 116736K, 13% used [0x00000006c0000000,0x00000006c0f5ff10,0x00000006c7200000)
 Metaspace       used 32442K, capacity 35324K, committed 35416K, reserved 1077248K
  class space    used 7060K, capacity 7973K, committed 8024K, reserved 1048576K
GC Heap History (10 events):
Event: 3.930 GC heap after
Heap after GC invocations=7 (full 1):
 PSYoungGen      total 120320K, used 7216K [0x000000076ab00000, 0x0000000773100000, 0x00000007c0000000)
  eden space 110080K, 0% used [0x000000076ab00000,0x000000076ab00000,0x0000000771680000)
  from space 10240K, 70% used [0x0000000772100000,0x000000077280c2f0,0x0000000772b00000)
  to   space 10752K, 0% used [0x0000000771680000,0x0000000771680000,0x0000000772100000)
 ParOldGen       total 116736K, used 8415K [0x00000006c0000000, 0x00000006c7200000, 0x000000076ab00000)
  object space 116736K, 7% used [0x00000006c0000000,0x00000006c0837c60,0x00000006c7200000)
 Metaspace       used 26487K, capacity 29340K, committed 29696K, reserved 1073152K
  class space    used 5895K, capacity 6788K, committed 6912K, reserved 1048576K
}
Event: 4.110 GC heap before
{Heap before GC invocations=8 (full 1):
 PSYoungGen      total 120320K, used 117296K [0x000000076ab00000, 0x0000000773100000, 0x00000007c0000000)
  eden space 110080K, 100% used [0x000000076ab00000,0x0000000771680000,0x0000000771680000)
  from space 10240K, 70% used [0x0000000772100000,0x000000077280c2f0,0x0000000772b00000)
  to   space 10752K, 0% used [0x0000000771680000,0x0000000771680000,0x0000000772100000)
 ParOldGen       total 116736K, used 8415K [0x00000006c0000000, 0x00000006c7200000, 0x000000076ab00000)
  object space 116736K, 7% used [0x00000006c0000000,0x00000006c0837c60,0x00000006c7200000)
 Metaspace       used 27884K, capacity 30716K, committed 30976K, reserved 1073152K
  class space    used 6245K, capacity 7140K, committed 7168K, reserved 1048576K
Event: 4.135 GC heap after
Heap after GC invocations=8 (full 1):
 PSYoungGen      total 120832K, used 10752K [0x000000076ab00000, 0x0000000777700000, 0x00000007c0000000)
  eden space 110080K, 0% used [0x000000076ab00000,0x000000076ab00000,0x0000000771680000)
  from space 10752K, 100% used [0x0000000771680000,0x0000000772100000,0x0000000772100000)
  to   space 15360K, 0% used [0x0000000776800000,0x0000000776800000,0x0000000777700000)
 ParOldGen       total 116736K, used 13605K [0x00000006c0000000, 0x00000006c7200000, 0x000000076ab00000)
  object space 116736K, 11% used [0x00000006c0000000,0x00000006c0d495a8,0x00000006c7200000)
 Metaspace       used 27884K, capacity 30716K, committed 30976K, reserved 1073152K
  class space    used 6245K, capacity 7140K, committed 7168K, reserved 1048576K
}
Event: 4.407 GC heap before
{Heap before GC invocations=9 (full 1):
 PSYoungGen      total 120832K, used 120832K [0x000000076ab00000, 0x0000000777700000, 0x00000007c0000000)
  eden space 110080K, 100% used [0x000000076ab00000,0x0000000771680000,0x0000000771680000)
  from space 10752K, 100% used [0x0000000771680000,0x0000000772100000,0x0000000772100000)
  to   space 15360K, 0% used [0x0000000776800000,0x0000000776800000,0x0000000777700000)
 ParOldGen       total 116736K, used 13605K [0x00000006c0000000, 0x00000006c7200000, 0x000000076ab00000)
  object space 116736K, 11% used [0x00000006c0000000,0x00000006c0d495a8,0x00000006c7200000)
 Metaspace       used 28012K, capacity 30876K, committed 31104K, reserved 1073152K
  class space    used 6284K, capacity 7172K, committed 7296K, reserved 1048576K
Event: 4.424 GC heap after
Heap after GC invocations=9 (full 1):
 PSYoungGen      total 190976K, used 15008K [0x000000076ab00000, 0x0000000777f00000, 0x00000007c0000000)
  eden space 175616K, 0% used [0x000000076ab00000,0x000000076ab00000,0x0000000775680000)
  from space 15360K, 97% used [0x0000000776800000,0x00000007776a8000,0x0000000777700000)
  to   space 17920K, 0% used [0x0000000775680000,0x0000000775680000,0x0000000776800000)
 ParOldGen       total 116736K, used 13613K [0x00000006c0000000, 0x00000006c7200000, 0x000000076ab00000)
  object space 116736K, 11% used [0x00000006c0000000,0x00000006c0d4b5a8,0x00000006c7200000)
 Metaspace       used 28012K, capacity 30876K, committed 31104K, reserved 1073152K
  class space    used 6284K, capacity 7172K, committed 7296K, reserved 1048576K
}
Event: 10.445 GC heap before
{Heap before GC invocations=10 (full 1):
 PSYoungGen      total 190976K, used 190624K [0x000000076ab00000, 0x0000000777f00000, 0x00000007c0000000)
  eden space 175616K, 100% used [0x000000076ab00000,0x0000000775680000,0x0000000775680000)
  from space 15360K, 97% used [0x0000000776800000,0x00000007776a8000,0x0000000777700000)
  to   space 17920K, 0% used [0x0000000775680000,0x0000000775680000,0x0000000776800000)
 ParOldGen       total 116736K, used 13613K [0x00000006c0000000, 0x00000006c7200000, 0x000000076ab00000)
  object space 116736K, 11% used [0x00000006c0000000,0x00000006c0d4b5a8,0x00000006c7200000)
 Metaspace       used 31366K, capacity 34276K, committed 34560K, reserved 1075200K
  class space    used 6898K, capacity 7831K, committed 7936K, reserved 1048576K
Event: 10.465 GC heap after
Heap after GC invocations=10 (full 1):
 PSYoungGen      total 193536K, used 16740K [0x000000076ab00000, 0x000000077ba80000, 0x00000007c0000000)
  eden space 175616K, 0% used [0x000000076ab00000,0x000000076ab00000,0x0000000775680000)
  from space 17920K, 93% used [0x0000000775680000,0x00000007766d92b0,0x0000000776800000)
  to   space 20480K, 0% used [0x000000077a680000,0x000000077a680000,0x000000077ba80000)
 ParOldGen       total 116736K, used 13621K [0x00000006c0000000, 0x00000006c7200000, 0x000000076ab00000)
  object space 116736K, 11% used [0x00000006c0000000,0x00000006c0d4d5a8,0x00000006c7200000)
 Metaspace       used 31366K, capacity 34276K, committed 34560K, reserved 1075200K
  class space    used 6898K, capacity 7831K, committed 7936K, reserved 1048576K
}
Event: 25.196 GC heap before
{Heap before GC invocations=11 (full 1):
 PSYoungGen      total 193536K, used 144617K [0x000000076ab00000, 0x000000077ba80000, 0x00000007c0000000)
  eden space 175616K, 72% used [0x000000076ab00000,0x00000007727e1350,0x0000000775680000)
  from space 17920K, 93% used [0x0000000775680000,0x00000007766d92b0,0x0000000776800000)
  to   space 20480K, 0% used [0x000000077a680000,0x000000077a680000,0x000000077ba80000)
 ParOldGen       total 116736K, used 13621K [0x00000006c0000000, 0x00000006c7200000, 0x000000076ab00000)
  object space 116736K, 11% used [0x00000006c0000000,0x00000006c0d4d5a8,0x00000006c7200000)
 Metaspace       used 32442K, capacity 35324K, committed 35416K, reserved 1077248K
  class space    used 7060K, capacity 7973K, committed 8024K, reserved 1048576K
Event: 25.219 GC heap after
Heap after GC invocations=11 (full 1):
 PSYoungGen      total 245248K, used 14170K [0x000000076ab00000, 0x000000077b580000, 0x00000007c0000000)
  eden space 229888K, 0% used [0x000000076ab00000,0x000000076ab00000,0x0000000778b80000)
  from space 15360K, 92% used [0x000000077a680000,0x000000077b456b90,0x000000077b580000)
  to   space 21504K, 0% used [0x0000000778b80000,0x0000000778b80000,0x000000077a080000)
 ParOldGen       total 116736K, used 15743K [0x00000006c0000000, 0x00000006c7200000, 0x000000076ab00000)
  object space 116736K, 13% used [0x00000006c0000000,0x00000006c0f5ff10,0x00000006c7200000)
 Metaspace       used 32442K, capacity 35324K, committed 35416K, reserved 1077248K
  class space    used 7060K, capacity 7973K, committed 8024K, reserved 1048576K
}
Event: 25.219 GC heap before
{Heap before GC invocations=12 (full 2):
 PSYoungGen      total 245248K, used 14170K [0x000000076ab00000, 0x000000077b580000, 0x00000007c0000000)
  eden space 229888K, 0% used [0x000000076ab00000,0x000000076ab00000,0x0000000778b80000)
  from space 15360K, 92% used [0x000000077a680000,0x000000077b456b90,0x000000077b580000)
  to   space 21504K, 0% used [0x0000000778b80000,0x0000000778b80000,0x000000077a080000)
 ParOldGen       total 116736K, used 15743K [0x00000006c0000000, 0x00000006c7200000, 0x000000076ab00000)
  object space 116736K, 13% used [0x00000006c0000000,0x00000006c0f5ff10,0x00000006c7200000)
 Metaspace       used 32442K, capacity 35324K, committed 35416K, reserved 1077248K
  class space    used 7060K, capacity 7973K, committed 8024K, reserved 1048576K

